<?xml version="1.0" encoding="UTF-8"?>
<!-- Generated by org.testng.reporters.JUnitReportReporter -->
<testsuite hostname="Bhushan" failures="0" tests="1" name="TestClasses.ContatsPageTest" time="19.694" errors="0" timestamp="03 Nov 2019 09:51:12 GMT" skipped="0">
  <testcase classname="TestClasses.ContatsPageTest" name="deleteExistingContactsTest" time="19.694"/>
</testsuite> <!-- TestClasses.ContatsPageTest -->
