<?xml version="1.0" encoding="UTF-8"?>
<!-- Generated by org.testng.reporters.JUnitReportReporter -->
<testsuite hostname="Bhushan" failures="0" tests="1" name="TestClasses.ContactsPageTest" time="25.410" errors="0" timestamp="03 Nov 2019 13:06:14 GMT" skipped="0">
  <testcase classname="TestClasses.ContactsPageTest" name="deleteExistingContactsTest" time="25.410"/>
</testsuite> <!-- TestClasses.ContactsPageTest -->
