<?xml version="1.0" encoding="UTF-8"?>
<!-- Generated by org.testng.reporters.JUnitReportReporter -->
<testsuite hostname="Bhushan" failures="0" tests="5" name="TestClasses.NewContactsPageTest" time="124.609" errors="0" timestamp="03 Nov 2019 13:06:14 GMT" skipped="0">
  <testcase classname="TestClasses.NewContactsPageTest" name="newContactCreateTest" time="22.680"/>
  <testcase classname="TestClasses.NewContactsPageTest" name="newContactCreateTest" time="28.691"/>
  <testcase classname="TestClasses.NewContactsPageTest" name="newContactCreateTest" time="21.566"/>
  <testcase classname="TestClasses.NewContactsPageTest" name="newContactCreateTest" time="26.044"/>
  <testcase classname="TestClasses.NewContactsPageTest" name="newContactCreateTest" time="25.628"/>
</testsuite> <!-- TestClasses.NewContactsPageTest -->
